2024-04-25 10:43:17,951 [Worker-6: Loading available Gradle versions] INFO  o.e.b.c.i.u.g.PublishedGradleVersions - Gradle version information cache is up-to-date. Trying to read.
2024-04-25 10:43:47,554 [Worker-13: Importing Maven projects] INFO  o.e.m.c.i.l.LifecycleMappingFactory - Using org.eclipse.m2e.jdt.JarLifecycleMapping lifecycle mapping for MavenProject: com.in28minutes.microservices:currency-conversion-service:0.0.11-SNAPSHOT @ C:\Users\tammi\Documents\microservices-deploy-kubernetes\currency-conversion-service\pom.xml.
2024-04-25 10:43:48,475 [Worker-13: Importing Maven projects] INFO  o.e.m.c.i.l.LifecycleMappingFactory - Using org.eclipse.m2e.jdt.JarLifecycleMapping lifecycle mapping for MavenProject: com.in28minutes.microservices:currency-exchange-service:0.0.11-SNAPSHOT @ C:\Users\tammi\Documents\microservices-deploy-kubernetes\currency-exchange-service\pom.xml.
2024-04-25 10:43:50,517 [Worker-13: Importing Maven projects] INFO  o.e.m.j.i.AbstractJavaProjectConfigurator - Adding source folder /currency-exchange-service/src/main/java
2024-04-25 10:43:50,520 [Worker-13: Importing Maven projects] INFO  o.e.m.j.i.AbstractJavaProjectConfigurator - Adding resource folder /currency-exchange-service/src/main/resources
2024-04-25 10:43:50,522 [Worker-13: Importing Maven projects] INFO  o.e.m.j.i.AbstractJavaProjectConfigurator - Adding resource folder /currency-exchange-service/src/main/resources
2024-04-25 10:43:50,524 [Worker-13: Importing Maven projects] INFO  o.e.m.j.i.AbstractJavaProjectConfigurator - Adding source folder /currency-exchange-service/src/test/java
2024-04-25 10:43:50,526 [Worker-13: Importing Maven projects] INFO  o.e.m.j.i.AbstractJavaProjectConfigurator - Adding resource folder /currency-exchange-service/src/test/resources
2024-04-25 10:43:50,529 [Worker-13: Importing Maven projects] ERROR o.e.m.j.i.AbstractJavaProjectConfigurator - Failed to find a compatible VM for environment id 'JavaSE-21', falling back to workspace default
2024-04-25 10:43:51,325 [Worker-13: Importing Maven projects] INFO  o.e.m.j.i.AbstractJavaProjectConfigurator - Adding source folder /currency-conversion-service/src/main/java
2024-04-25 10:43:51,326 [Worker-13: Importing Maven projects] INFO  o.e.m.j.i.AbstractJavaProjectConfigurator - Adding resource folder /currency-conversion-service/src/main/resources
2024-04-25 10:43:51,328 [Worker-13: Importing Maven projects] INFO  o.e.m.j.i.AbstractJavaProjectConfigurator - Adding resource folder /currency-conversion-service/src/main/resources
2024-04-25 10:43:51,329 [Worker-13: Importing Maven projects] INFO  o.e.m.j.i.AbstractJavaProjectConfigurator - Adding source folder /currency-conversion-service/src/test/java
2024-04-25 10:43:51,330 [Worker-13: Importing Maven projects] INFO  o.e.m.j.i.AbstractJavaProjectConfigurator - Adding resource folder /currency-conversion-service/src/test/resources
2024-04-25 10:43:51,331 [Worker-13: Importing Maven projects] ERROR o.e.m.j.i.AbstractJavaProjectConfigurator - Failed to find a compatible VM for environment id 'JavaSE-21', falling back to workspace default
2024-04-25 10:43:51,812 [Worker-13: Importing Maven projects] INFO  o.e.m.c.i.p.ProjectConfigurationManager - Imported and configured 2 project(s) in 6 sec
2024-04-25 10:43:51,926 [Worker-2: Updating Maven Project] INFO  o.e.m.c.i.p.ProjectConfigurationManager - Update started
2024-04-25 10:43:52,554 [Worker-2: Updating Maven Project] INFO  o.e.m.c.i.l.LifecycleMappingFactory - Using org.eclipse.m2e.jdt.JarLifecycleMapping lifecycle mapping for MavenProject: com.in28minutes.microservices:currency-conversion-service:0.0.11-SNAPSHOT @ C:\Users\tammi\Documents\microservices-deploy-kubernetes\currency-conversion-service\pom.xml.
2024-04-25 10:43:53,653 [Worker-2: Updating Maven Project] INFO  o.e.m.j.i.AbstractJavaProjectConfigurator - Adding source folder /currency-conversion-service/src/main/java
2024-04-25 10:43:53,654 [Worker-2: Updating Maven Project] INFO  o.e.m.j.i.AbstractJavaProjectConfigurator - Adding resource folder /currency-conversion-service/src/main/resources
2024-04-25 10:43:53,655 [Worker-2: Updating Maven Project] INFO  o.e.m.j.i.AbstractJavaProjectConfigurator - Adding resource folder /currency-conversion-service/src/main/resources
2024-04-25 10:43:53,656 [Worker-2: Updating Maven Project] INFO  o.e.m.j.i.AbstractJavaProjectConfigurator - Adding source folder /currency-conversion-service/src/test/java
2024-04-25 10:43:53,657 [Worker-2: Updating Maven Project] INFO  o.e.m.j.i.AbstractJavaProjectConfigurator - Adding resource folder /currency-conversion-service/src/test/resources
2024-04-25 10:43:53,657 [Worker-2: Updating Maven Project] ERROR o.e.m.j.i.AbstractJavaProjectConfigurator - Failed to find a compatible VM for environment id 'JavaSE-21', falling back to workspace default
2024-04-25 10:43:54,279 [Worker-2: Updating Maven Project] INFO  o.e.m.c.i.p.ProjectConfigurationManager - Update completed for 1 poms: local refresh takes 0.00 sec, refresh facades takes 1.00 sec, update config takes 0.00 sec 
2024-04-25 10:43:54,579 [Worker-1: Building] INFO  o.a.m.s.f.DefaultMavenResourcesFiltering - Copying 1 resource from src\main\resources to target\classes
2024-04-25 10:43:54,617 [Worker-1: Building] INFO  o.a.m.s.f.DefaultMavenResourcesFiltering - Copying 0 resource from src\main\resources to target\classes
2024-04-25 10:43:54,625 [Worker-1: Building] INFO  o.a.m.s.f.DefaultMavenResourcesFiltering - skip non existing resourceDirectory C:\Users\tammi\Documents\microservices-deploy-kubernetes\currency-conversion-service\src\test\resources
2024-04-25 10:43:55,136 [Worker-1: Building] INFO  o.a.m.s.f.DefaultMavenResourcesFiltering - Copying 1 resource from src\main\resources to target\classes
2024-04-25 10:43:55,161 [Worker-1: Building] INFO  o.a.m.s.f.DefaultMavenResourcesFiltering - Copying 1 resource from src\main\resources to target\classes
2024-04-25 10:43:55,167 [Worker-1: Building] INFO  o.a.m.s.f.DefaultMavenResourcesFiltering - skip non existing resourceDirectory C:\Users\tammi\Documents\microservices-deploy-kubernetes\currency-exchange-service\src\test\resources
2024-04-25 10:44:44,226 [Worker-1: Building] INFO  o.a.m.s.f.DefaultMavenResourcesFiltering - Copying 1 resource from src\main\resources to target\classes
2024-04-25 10:44:44,236 [Worker-1: Building] INFO  o.a.m.s.f.DefaultMavenResourcesFiltering - Copying 0 resource from src\main\resources to target\classes
2024-04-25 10:44:44,239 [Worker-1: Building] INFO  o.a.m.s.f.DefaultMavenResourcesFiltering - skip non existing resourceDirectory C:\Users\tammi\Documents\microservices-deploy-kubernetes\currency-conversion-service\src\test\resources
2024-04-25 10:44:44,478 [Worker-1: Building] INFO  o.a.m.s.f.DefaultMavenResourcesFiltering - Copying 1 resource from src\main\resources to target\classes
2024-04-25 10:44:44,482 [Worker-1: Building] INFO  o.a.m.s.f.DefaultMavenResourcesFiltering - Copying 1 resource from src\main\resources to target\classes
2024-04-25 10:44:44,491 [Worker-1: Building] INFO  o.a.m.s.f.DefaultMavenResourcesFiltering - skip non existing resourceDirectory C:\Users\tammi\Documents\microservices-deploy-kubernetes\currency-exchange-service\src\test\resources
2024-04-25 10:46:55,391 [Worker-4: Building] INFO  o.a.m.s.f.DefaultMavenResourcesFiltering - Copying 0 resource from src\main\resources to target\classes
2024-04-25 10:46:55,391 [Worker-4: Building] INFO  o.a.m.s.f.DefaultMavenResourcesFiltering - Copying 0 resource from src\main\resources to target\classes
2024-04-25 10:46:55,402 [Worker-4: Building] INFO  o.a.m.s.f.DefaultMavenResourcesFiltering - skip non existing resourceDirectory C:\Users\tammi\Documents\microservices-deploy-kubernetes\currency-exchange-service\src\test\resources
2024-04-25 10:47:56,097 [Worker-17: Building] INFO  o.a.m.s.f.DefaultMavenResourcesFiltering - Copying 0 resource from src\main\resources to target\classes
2024-04-25 10:47:56,098 [Worker-17: Building] INFO  o.a.m.s.f.DefaultMavenResourcesFiltering - Copying 0 resource from src\main\resources to target\classes
2024-04-25 10:47:56,101 [Worker-17: Building] INFO  o.a.m.s.f.DefaultMavenResourcesFiltering - skip non existing resourceDirectory C:\Users\tammi\Documents\microservices-deploy-kubernetes\currency-exchange-service\src\test\resources
2024-04-25 10:48:04,513 [Worker-9: Building] INFO  o.a.m.s.f.DefaultMavenResourcesFiltering - Copying 0 resource from src\main\resources to target\classes
2024-04-25 10:48:04,514 [Worker-9: Building] INFO  o.a.m.s.f.DefaultMavenResourcesFiltering - Copying 0 resource from src\main\resources to target\classes
2024-04-25 10:48:04,516 [Worker-9: Building] INFO  o.a.m.s.f.DefaultMavenResourcesFiltering - skip non existing resourceDirectory C:\Users\tammi\Documents\microservices-deploy-kubernetes\currency-exchange-service\src\test\resources
2024-04-25 10:49:32,996 [Worker-19: Building] INFO  o.a.m.s.f.DefaultMavenResourcesFiltering - Copying 0 resource from src\main\resources to target\classes
2024-04-25 10:49:32,997 [Worker-19: Building] INFO  o.a.m.s.f.DefaultMavenResourcesFiltering - Copying 0 resource from src\main\resources to target\classes
2024-04-25 10:49:33,002 [Worker-19: Building] INFO  o.a.m.s.f.DefaultMavenResourcesFiltering - skip non existing resourceDirectory C:\Users\tammi\Documents\microservices-deploy-kubernetes\currency-exchange-service\src\test\resources
2024-04-25 10:50:22,761 [Worker-16: Building] INFO  o.a.m.s.f.DefaultMavenResourcesFiltering - Copying 0 resource from src\main\resources to target\classes
2024-04-25 10:50:22,762 [Worker-16: Building] INFO  o.a.m.s.f.DefaultMavenResourcesFiltering - Copying 0 resource from src\main\resources to target\classes
2024-04-25 10:50:22,765 [Worker-16: Building] INFO  o.a.m.s.f.DefaultMavenResourcesFiltering - skip non existing resourceDirectory C:\Users\tammi\Documents\microservices-deploy-kubernetes\currency-exchange-service\src\test\resources
2024-04-25 10:52:27,556 [Worker-14: Building] INFO  o.a.m.s.f.DefaultMavenResourcesFiltering - Copying 0 resource from src\main\resources to target\classes
2024-04-25 10:52:27,558 [Worker-14: Building] INFO  o.a.m.s.f.DefaultMavenResourcesFiltering - Copying 0 resource from src\main\resources to target\classes
2024-04-25 10:52:27,561 [Worker-14: Building] INFO  o.a.m.s.f.DefaultMavenResourcesFiltering - skip non existing resourceDirectory C:\Users\tammi\Documents\microservices-deploy-kubernetes\currency-exchange-service\src\test\resources
2024-04-25 11:25:01,542 [Worker-22: Building] INFO  o.a.m.s.f.DefaultMavenResourcesFiltering - Copying 0 resource from src\main\resources to target\classes
2024-04-25 11:25:01,543 [Worker-22: Building] INFO  o.a.m.s.f.DefaultMavenResourcesFiltering - Copying 0 resource from src\main\resources to target\classes
2024-04-25 11:25:01,547 [Worker-22: Building] INFO  o.a.m.s.f.DefaultMavenResourcesFiltering - skip non existing resourceDirectory C:\Users\tammi\Documents\microservices-deploy-kubernetes\currency-exchange-service\src\test\resources
2024-04-25 11:35:10,079 [Worker-28: Building] INFO  o.a.m.s.f.DefaultMavenResourcesFiltering - Copying 0 resource from src\main\resources to target\classes
2024-04-25 11:35:10,080 [Worker-28: Building] INFO  o.a.m.s.f.DefaultMavenResourcesFiltering - Copying 0 resource from src\main\resources to target\classes
2024-04-25 11:35:10,083 [Worker-28: Building] INFO  o.a.m.s.f.DefaultMavenResourcesFiltering - skip non existing resourceDirectory C:\Users\tammi\Documents\microservices-deploy-kubernetes\currency-exchange-service\src\test\resources
2024-04-25 11:35:53,074 [Worker-23: Building] INFO  o.a.m.s.f.DefaultMavenResourcesFiltering - Copying 0 resource from src\main\resources to target\classes
2024-04-25 11:35:53,075 [Worker-23: Building] INFO  o.a.m.s.f.DefaultMavenResourcesFiltering - Copying 0 resource from src\main\resources to target\classes
2024-04-25 11:35:53,077 [Worker-23: Building] INFO  o.a.m.s.f.DefaultMavenResourcesFiltering - skip non existing resourceDirectory C:\Users\tammi\Documents\microservices-deploy-kubernetes\currency-exchange-service\src\test\resources
2024-04-25 12:06:43,461 [Worker-23: Building] INFO  o.a.m.s.f.DefaultMavenResourcesFiltering - Copying 0 resource from src\main\resources to target\classes
2024-04-25 12:06:43,461 [Worker-23: Building] INFO  o.a.m.s.f.DefaultMavenResourcesFiltering - Copying 0 resource from src\main\resources to target\classes
2024-04-25 12:06:43,464 [Worker-23: Building] INFO  o.a.m.s.f.DefaultMavenResourcesFiltering - skip non existing resourceDirectory C:\Users\tammi\Documents\microservices-deploy-kubernetes\currency-conversion-service\src\test\resources
2024-04-25 12:08:40,991 [Worker-31: Building] INFO  o.a.m.s.f.DefaultMavenResourcesFiltering - Copying 0 resource from src\main\resources to target\classes
2024-04-25 12:08:40,992 [Worker-31: Building] INFO  o.a.m.s.f.DefaultMavenResourcesFiltering - Copying 0 resource from src\main\resources to target\classes
2024-04-25 12:08:40,995 [Worker-31: Building] INFO  o.a.m.s.f.DefaultMavenResourcesFiltering - skip non existing resourceDirectory C:\Users\tammi\Documents\microservices-deploy-kubernetes\currency-conversion-service\src\test\resources
2024-04-25 12:09:08,685 [Worker-32: Building] INFO  o.a.m.s.f.DefaultMavenResourcesFiltering - Copying 0 resource from src\main\resources to target\classes
2024-04-25 12:09:08,685 [Worker-32: Building] INFO  o.a.m.s.f.DefaultMavenResourcesFiltering - Copying 0 resource from src\main\resources to target\classes
2024-04-25 12:09:08,688 [Worker-32: Building] INFO  o.a.m.s.f.DefaultMavenResourcesFiltering - skip non existing resourceDirectory C:\Users\tammi\Documents\microservices-deploy-kubernetes\currency-conversion-service\src\test\resources
2024-04-25 12:14:20,051 [Worker-34: Building] INFO  o.a.m.s.f.DefaultMavenResourcesFiltering - Copying 0 resource from src\main\resources to target\classes
2024-04-25 12:14:20,051 [Worker-34: Building] INFO  o.a.m.s.f.DefaultMavenResourcesFiltering - Copying 0 resource from src\main\resources to target\classes
2024-04-25 12:14:20,054 [Worker-34: Building] INFO  o.a.m.s.f.DefaultMavenResourcesFiltering - skip non existing resourceDirectory C:\Users\tammi\Documents\microservices-deploy-kubernetes\currency-conversion-service\src\test\resources
2024-04-25 12:14:32,784 [Worker-33: Building] INFO  o.a.m.s.f.DefaultMavenResourcesFiltering - Copying 0 resource from src\main\resources to target\classes
2024-04-25 12:14:32,785 [Worker-33: Building] INFO  o.a.m.s.f.DefaultMavenResourcesFiltering - Copying 0 resource from src\main\resources to target\classes
2024-04-25 12:14:32,788 [Worker-33: Building] INFO  o.a.m.s.f.DefaultMavenResourcesFiltering - skip non existing resourceDirectory C:\Users\tammi\Documents\microservices-deploy-kubernetes\currency-conversion-service\src\test\resources
2024-04-25 12:15:40,324 [Worker-36: Building] INFO  o.a.m.s.f.DefaultMavenResourcesFiltering - Copying 0 resource from src\main\resources to target\classes
2024-04-25 12:15:40,325 [Worker-36: Building] INFO  o.a.m.s.f.DefaultMavenResourcesFiltering - Copying 0 resource from src\main\resources to target\classes
2024-04-25 12:15:40,328 [Worker-36: Building] INFO  o.a.m.s.f.DefaultMavenResourcesFiltering - skip non existing resourceDirectory C:\Users\tammi\Documents\microservices-deploy-kubernetes\currency-conversion-service\src\test\resources
2024-04-25 12:16:17,464 [Worker-36: Building] INFO  o.a.m.s.f.DefaultMavenResourcesFiltering - Copying 0 resource from src\main\resources to target\classes
2024-04-25 12:16:17,464 [Worker-36: Building] INFO  o.a.m.s.f.DefaultMavenResourcesFiltering - Copying 0 resource from src\main\resources to target\classes
2024-04-25 12:16:17,466 [Worker-36: Building] INFO  o.a.m.s.f.DefaultMavenResourcesFiltering - skip non existing resourceDirectory C:\Users\tammi\Documents\microservices-deploy-kubernetes\currency-conversion-service\src\test\resources
2024-04-25 12:20:37,987 [Worker-38: Building] INFO  o.a.m.s.f.DefaultMavenResourcesFiltering - Copying 1 resource from src\main\resources to target\classes
2024-04-25 12:20:38,049 [Worker-38: Building] INFO  o.a.m.s.f.DefaultMavenResourcesFiltering - Copying 0 resource from src\main\resources to target\classes
2024-04-25 12:20:38,053 [Worker-38: Building] INFO  o.a.m.s.f.DefaultMavenResourcesFiltering - skip non existing resourceDirectory C:\Users\tammi\Documents\microservices-deploy-kubernetes\currency-conversion-service\src\test\resources
2024-04-25 12:22:42,692 [Worker-41: Building] INFO  o.e.m.c.i.l.LifecycleMappingFactory - Using org.eclipse.m2e.jdt.JarLifecycleMapping lifecycle mapping for MavenProject: com.in28minutes.microservices:currency-conversion-service:0.0.12-SNAPSHOT @ C:\Users\tammi\Documents\microservices-deploy-kubernetes\currency-conversion-service\pom.xml.
2024-04-25 12:22:43,094 [Worker-41: Building] INFO  o.a.m.s.f.DefaultMavenResourcesFiltering - Copying 0 resource from src\main\resources to target\classes
2024-04-25 12:22:43,095 [Worker-41: Building] INFO  o.a.m.s.f.DefaultMavenResourcesFiltering - Copying 0 resource from src\main\resources to target\classes
2024-04-25 12:22:43,097 [Worker-41: Building] INFO  o.a.m.s.f.DefaultMavenResourcesFiltering - skip non existing resourceDirectory C:\Users\tammi\Documents\microservices-deploy-kubernetes\currency-conversion-service\src\test\resources
2024-04-25 12:23:57,400 [main] INFO  o.e.m2e.actions.ExecutePomAction - Creating new launch configuration
2024-04-25 12:24:01,234 [Worker-38: Launching currency-conversion-service] INFO  o.eclipse.m2e.core.internal.Bundles - getClasspathEntries(Bundle=org.eclipse.m2e.maven.runtime_3.9.600.20231203-1234 [354])
2024-04-25 12:24:01,235 [Worker-38: Launching currency-conversion-service] INFO  o.eclipse.m2e.core.internal.Bundles - 	Entry: C:\Users\tammi\Downloads\sts-4.22.0.RELEASE\plugins\org.eclipse.m2e.maven.runtime_3.9.600.20231203-1234
2024-04-25 12:24:01,236 [Worker-38: Launching currency-conversion-service] INFO  o.eclipse.m2e.core.internal.Bundles - 	Entry: C:\Users\tammi\Downloads\sts-4.22.0.RELEASE\plugins\org.eclipse.m2e.maven.runtime_3.9.600.20231203-1234\jars\aopalliance-1.0.jar
2024-04-25 12:24:01,236 [Worker-38: Launching currency-conversion-service] INFO  o.eclipse.m2e.core.internal.Bundles - 	Entry: C:\Users\tammi\Downloads\sts-4.22.0.RELEASE\plugins\org.eclipse.m2e.maven.runtime_3.9.600.20231203-1234\jars\guice-5.1.0.jar
2024-04-25 12:24:01,236 [Worker-38: Launching currency-conversion-service] INFO  o.eclipse.m2e.core.internal.Bundles - 	Entry: C:\Users\tammi\Downloads\sts-4.22.0.RELEASE\plugins\org.eclipse.m2e.maven.runtime_3.9.600.20231203-1234\jars\httpclient-4.5.14.jar
2024-04-25 12:24:01,236 [Worker-38: Launching currency-conversion-service] INFO  o.eclipse.m2e.core.internal.Bundles - 	Entry: C:\Users\tammi\Downloads\sts-4.22.0.RELEASE\plugins\org.eclipse.m2e.maven.runtime_3.9.600.20231203-1234\jars\httpcore-4.4.16.jar
2024-04-25 12:24:01,237 [Worker-38: Launching currency-conversion-service] INFO  o.eclipse.m2e.core.internal.Bundles - 	Entry: C:\Users\tammi\Downloads\sts-4.22.0.RELEASE\plugins\org.eclipse.m2e.maven.runtime_3.9.600.20231203-1234\jars\jansi-2.4.0.jar
2024-04-25 12:24:01,237 [Worker-38: Launching currency-conversion-service] INFO  o.eclipse.m2e.core.internal.Bundles - 	Entry: C:\Users\tammi\Downloads\sts-4.22.0.RELEASE\plugins\org.eclipse.m2e.maven.runtime_3.9.600.20231203-1234\jars\jcl-over-slf4j-1.7.36.jar
2024-04-25 12:24:01,237 [Worker-38: Launching currency-conversion-service] INFO  o.eclipse.m2e.core.internal.Bundles - 	Entry: C:\Users\tammi\Downloads\sts-4.22.0.RELEASE\plugins\org.eclipse.m2e.maven.runtime_3.9.600.20231203-1234\jars\maven-artifact-3.9.6.jar
2024-04-25 12:24:01,237 [Worker-38: Launching currency-conversion-service] INFO  o.eclipse.m2e.core.internal.Bundles - 	Entry: C:\Users\tammi\Downloads\sts-4.22.0.RELEASE\plugins\org.eclipse.m2e.maven.runtime_3.9.600.20231203-1234\jars\maven-builder-support-3.9.6.jar
2024-04-25 12:24:01,237 [Worker-38: Launching currency-conversion-service] INFO  o.eclipse.m2e.core.internal.Bundles - 	Entry: C:\Users\tammi\Downloads\sts-4.22.0.RELEASE\plugins\org.eclipse.m2e.maven.runtime_3.9.600.20231203-1234\jars\maven-compat-3.9.6.jar
2024-04-25 12:24:01,237 [Worker-38: Launching currency-conversion-service] INFO  o.eclipse.m2e.core.internal.Bundles - 	Entry: C:\Users\tammi\Downloads\sts-4.22.0.RELEASE\plugins\org.eclipse.m2e.maven.runtime_3.9.600.20231203-1234\jars\maven-core-3.9.6.jar
2024-04-25 12:24:01,237 [Worker-38: Launching currency-conversion-service] INFO  o.eclipse.m2e.core.internal.Bundles - 	Entry: C:\Users\tammi\Downloads\sts-4.22.0.RELEASE\plugins\org.eclipse.m2e.maven.runtime_3.9.600.20231203-1234\jars\maven-embedder-3.9.6.jar
2024-04-25 12:24:01,238 [Worker-38: Launching currency-conversion-service] INFO  o.eclipse.m2e.core.internal.Bundles - 	Entry: C:\Users\tammi\Downloads\sts-4.22.0.RELEASE\plugins\org.eclipse.m2e.maven.runtime_3.9.600.20231203-1234\jars\maven-model-3.9.6.jar
2024-04-25 12:24:01,238 [Worker-38: Launching currency-conversion-service] INFO  o.eclipse.m2e.core.internal.Bundles - 	Entry: C:\Users\tammi\Downloads\sts-4.22.0.RELEASE\plugins\org.eclipse.m2e.maven.runtime_3.9.600.20231203-1234\jars\maven-model-builder-3.9.6.jar
2024-04-25 12:24:01,238 [Worker-38: Launching currency-conversion-service] INFO  o.eclipse.m2e.core.internal.Bundles - 	Entry: C:\Users\tammi\Downloads\sts-4.22.0.RELEASE\plugins\org.eclipse.m2e.maven.runtime_3.9.600.20231203-1234\jars\maven-plugin-api-3.9.6.jar
2024-04-25 12:24:01,238 [Worker-38: Launching currency-conversion-service] INFO  o.eclipse.m2e.core.internal.Bundles - 	Entry: C:\Users\tammi\Downloads\sts-4.22.0.RELEASE\plugins\org.eclipse.m2e.maven.runtime_3.9.600.20231203-1234\jars\maven-repository-metadata-3.9.6.jar
2024-04-25 12:24:01,238 [Worker-38: Launching currency-conversion-service] INFO  o.eclipse.m2e.core.internal.Bundles - 	Entry: C:\Users\tammi\Downloads\sts-4.22.0.RELEASE\plugins\org.eclipse.m2e.maven.runtime_3.9.600.20231203-1234\jars\maven-resolver-api-1.9.18.jar
2024-04-25 12:24:01,238 [Worker-38: Launching currency-conversion-service] INFO  o.eclipse.m2e.core.internal.Bundles - 	Entry: C:\Users\tammi\Downloads\sts-4.22.0.RELEASE\plugins\org.eclipse.m2e.maven.runtime_3.9.600.20231203-1234\jars\maven-resolver-connector-basic-1.9.18.jar
2024-04-25 12:24:01,238 [Worker-38: Launching currency-conversion-service] INFO  o.eclipse.m2e.core.internal.Bundles - 	Entry: C:\Users\tammi\Downloads\sts-4.22.0.RELEASE\plugins\org.eclipse.m2e.maven.runtime_3.9.600.20231203-1234\jars\maven-resolver-impl-1.9.18.jar
2024-04-25 12:24:01,239 [Worker-38: Launching currency-conversion-service] INFO  o.eclipse.m2e.core.internal.Bundles - 	Entry: C:\Users\tammi\Downloads\sts-4.22.0.RELEASE\plugins\org.eclipse.m2e.maven.runtime_3.9.600.20231203-1234\jars\maven-resolver-named-locks-1.9.18.jar
2024-04-25 12:24:01,239 [Worker-38: Launching currency-conversion-service] INFO  o.eclipse.m2e.core.internal.Bundles - 	Entry: C:\Users\tammi\Downloads\sts-4.22.0.RELEASE\plugins\org.eclipse.m2e.maven.runtime_3.9.600.20231203-1234\jars\maven-resolver-provider-3.9.6.jar
2024-04-25 12:24:01,239 [Worker-38: Launching currency-conversion-service] INFO  o.eclipse.m2e.core.internal.Bundles - 	Entry: C:\Users\tammi\Downloads\sts-4.22.0.RELEASE\plugins\org.eclipse.m2e.maven.runtime_3.9.600.20231203-1234\jars\maven-resolver-spi-1.9.18.jar
2024-04-25 12:24:01,239 [Worker-38: Launching currency-conversion-service] INFO  o.eclipse.m2e.core.internal.Bundles - 	Entry: C:\Users\tammi\Downloads\sts-4.22.0.RELEASE\plugins\org.eclipse.m2e.maven.runtime_3.9.600.20231203-1234\jars\maven-resolver-transport-file-1.9.18.jar
2024-04-25 12:24:01,239 [Worker-38: Launching currency-conversion-service] INFO  o.eclipse.m2e.core.internal.Bundles - 	Entry: C:\Users\tammi\Downloads\sts-4.22.0.RELEASE\plugins\org.eclipse.m2e.maven.runtime_3.9.600.20231203-1234\jars\maven-resolver-transport-http-1.9.18.jar
2024-04-25 12:24:01,239 [Worker-38: Launching currency-conversion-service] INFO  o.eclipse.m2e.core.internal.Bundles - 	Entry: C:\Users\tammi\Downloads\sts-4.22.0.RELEASE\plugins\org.eclipse.m2e.maven.runtime_3.9.600.20231203-1234\jars\maven-resolver-transport-wagon-1.9.18.jar
2024-04-25 12:24:01,239 [Worker-38: Launching currency-conversion-service] INFO  o.eclipse.m2e.core.internal.Bundles - 	Entry: C:\Users\tammi\Downloads\sts-4.22.0.RELEASE\plugins\org.eclipse.m2e.maven.runtime_3.9.600.20231203-1234\jars\maven-resolver-util-1.9.18.jar
2024-04-25 12:24:01,240 [Worker-38: Launching currency-conversion-service] INFO  o.eclipse.m2e.core.internal.Bundles - 	Entry: C:\Users\tammi\Downloads\sts-4.22.0.RELEASE\plugins\org.eclipse.m2e.maven.runtime_3.9.600.20231203-1234\jars\maven-settings-3.9.6.jar
2024-04-25 12:24:01,240 [Worker-38: Launching currency-conversion-service] INFO  o.eclipse.m2e.core.internal.Bundles - 	Entry: C:\Users\tammi\Downloads\sts-4.22.0.RELEASE\plugins\org.eclipse.m2e.maven.runtime_3.9.600.20231203-1234\jars\maven-settings-builder-3.9.6.jar
2024-04-25 12:24:01,240 [Worker-38: Launching currency-conversion-service] INFO  o.eclipse.m2e.core.internal.Bundles - 	Entry: C:\Users\tammi\Downloads\sts-4.22.0.RELEASE\plugins\org.eclipse.m2e.maven.runtime_3.9.600.20231203-1234\jars\maven-shared-utils-3.3.4.jar
2024-04-25 12:24:01,240 [Worker-38: Launching currency-conversion-service] INFO  o.eclipse.m2e.core.internal.Bundles - 	Entry: C:\Users\tammi\Downloads\sts-4.22.0.RELEASE\plugins\org.eclipse.m2e.maven.runtime_3.9.600.20231203-1234\jars\org.eclipse.sisu.inject-0.9.0.M2.jar
2024-04-25 12:24:01,240 [Worker-38: Launching currency-conversion-service] INFO  o.eclipse.m2e.core.internal.Bundles - 	Entry: C:\Users\tammi\Downloads\sts-4.22.0.RELEASE\plugins\org.eclipse.m2e.maven.runtime_3.9.600.20231203-1234\jars\org.eclipse.sisu.plexus-0.9.0.M2.jar
2024-04-25 12:24:01,240 [Worker-38: Launching currency-conversion-service] INFO  o.eclipse.m2e.core.internal.Bundles - 	Entry: C:\Users\tammi\Downloads\sts-4.22.0.RELEASE\plugins\org.eclipse.m2e.maven.runtime_3.9.600.20231203-1234\jars\plexus-build-api-0.0.7.jar
2024-04-25 12:24:01,241 [Worker-38: Launching currency-conversion-service] INFO  o.eclipse.m2e.core.internal.Bundles - 	Entry: C:\Users\tammi\Downloads\sts-4.22.0.RELEASE\plugins\org.eclipse.m2e.maven.runtime_3.9.600.20231203-1234\jars\plexus-cipher-2.0.jar
2024-04-25 12:24:01,241 [Worker-38: Launching currency-conversion-service] INFO  o.eclipse.m2e.core.internal.Bundles - 	Entry: C:\Users\tammi\Downloads\sts-4.22.0.RELEASE\plugins\org.eclipse.m2e.maven.runtime_3.9.600.20231203-1234\jars\plexus-classworlds-2.7.0.jar
2024-04-25 12:24:01,241 [Worker-38: Launching currency-conversion-service] INFO  o.eclipse.m2e.core.internal.Bundles - 	Entry: C:\Users\tammi\Downloads\sts-4.22.0.RELEASE\plugins\org.eclipse.m2e.maven.runtime_3.9.600.20231203-1234\jars\plexus-component-annotations-2.1.0.jar
2024-04-25 12:24:01,241 [Worker-38: Launching currency-conversion-service] INFO  o.eclipse.m2e.core.internal.Bundles - 	Entry: C:\Users\tammi\Downloads\sts-4.22.0.RELEASE\plugins\org.eclipse.m2e.maven.runtime_3.9.600.20231203-1234\jars\plexus-interpolation-1.26.jar
2024-04-25 12:24:01,241 [Worker-38: Launching currency-conversion-service] INFO  o.eclipse.m2e.core.internal.Bundles - 	Entry: C:\Users\tammi\Downloads\sts-4.22.0.RELEASE\plugins\org.eclipse.m2e.maven.runtime_3.9.600.20231203-1234\jars\plexus-sec-dispatcher-2.0.jar
2024-04-25 12:24:01,242 [Worker-38: Launching currency-conversion-service] INFO  o.eclipse.m2e.core.internal.Bundles - 	Entry: C:\Users\tammi\Downloads\sts-4.22.0.RELEASE\plugins\org.eclipse.m2e.maven.runtime_3.9.600.20231203-1234\jars\plexus-utils-3.5.1.jar
2024-04-25 12:24:01,242 [Worker-38: Launching currency-conversion-service] INFO  o.eclipse.m2e.core.internal.Bundles - 	Entry: C:\Users\tammi\Downloads\sts-4.22.0.RELEASE\plugins\org.eclipse.m2e.maven.runtime_3.9.600.20231203-1234\jars\wagon-file-3.5.3.jar
2024-04-25 12:24:01,242 [Worker-38: Launching currency-conversion-service] INFO  o.eclipse.m2e.core.internal.Bundles - 	Entry: C:\Users\tammi\Downloads\sts-4.22.0.RELEASE\plugins\org.eclipse.m2e.maven.runtime_3.9.600.20231203-1234\jars\wagon-http-3.5.3.jar
2024-04-25 12:24:01,242 [Worker-38: Launching currency-conversion-service] INFO  o.eclipse.m2e.core.internal.Bundles - 	Entry: C:\Users\tammi\Downloads\sts-4.22.0.RELEASE\plugins\org.eclipse.m2e.maven.runtime_3.9.600.20231203-1234\jars\wagon-http-shared-3.5.3.jar
2024-04-25 12:24:01,242 [Worker-38: Launching currency-conversion-service] INFO  o.eclipse.m2e.core.internal.Bundles - 	Entry: C:\Users\tammi\Downloads\sts-4.22.0.RELEASE\plugins\org.eclipse.m2e.maven.runtime_3.9.600.20231203-1234\jars\wagon-provider-api-3.5.3.jar
2024-04-25 12:24:01,243 [Worker-38: Launching currency-conversion-service] INFO  o.eclipse.m2e.core.internal.Bundles - getClasspathEntries(Bundle=com.google.guava_33.0.0.jre [27])
2024-04-25 12:24:01,244 [Worker-38: Launching currency-conversion-service] INFO  o.eclipse.m2e.core.internal.Bundles - 	Entry: C:\Users\tammi\Downloads\sts-4.22.0.RELEASE\plugins\com.google.guava_33.0.0.jre.jar
2024-04-25 12:24:01,244 [Worker-38: Launching currency-conversion-service] INFO  o.eclipse.m2e.core.internal.Bundles - getClasspathEntries(Bundle=slf4j.api_2.0.12 [583])
2024-04-25 12:24:01,244 [Worker-38: Launching currency-conversion-service] INFO  o.eclipse.m2e.core.internal.Bundles - 	Entry: C:\Users\tammi\Downloads\sts-4.22.0.RELEASE\plugins\slf4j.api_2.0.12.jar
2024-04-25 12:24:01,244 [Worker-38: Launching currency-conversion-service] INFO  o.eclipse.m2e.core.internal.Bundles - getClasspathEntries(Bundle=jakarta.inject.jakarta.inject-api_1.0.5 [44])
2024-04-25 12:24:01,244 [Worker-38: Launching currency-conversion-service] INFO  o.eclipse.m2e.core.internal.Bundles - 	Entry: C:\Users\tammi\Downloads\sts-4.22.0.RELEASE\plugins\jakarta.inject.jakarta.inject-api_1.0.5.jar
2024-04-25 12:24:01,244 [Worker-38: Launching currency-conversion-service] INFO  o.eclipse.m2e.core.internal.Bundles - getClasspathEntries(Bundle=jakarta.annotation-api_1.3.5 [40])
2024-04-25 12:24:01,245 [Worker-38: Launching currency-conversion-service] INFO  o.eclipse.m2e.core.internal.Bundles - 	Entry: C:\Users\tammi\Downloads\sts-4.22.0.RELEASE\plugins\jakarta.annotation-api_1.3.5.jar
2024-04-25 12:24:01,245 [Worker-38: Launching currency-conversion-service] INFO  o.eclipse.m2e.core.internal.Bundles - getClasspathEntries(Bundle=org.apache.commons.cli_1.6.0 [75])
2024-04-25 12:24:01,245 [Worker-38: Launching currency-conversion-service] INFO  o.eclipse.m2e.core.internal.Bundles - 	Entry: C:\Users\tammi\Downloads\sts-4.22.0.RELEASE\plugins\org.apache.commons.cli_1.6.0.jar
2024-04-25 12:24:01,245 [Worker-38: Launching currency-conversion-service] INFO  o.eclipse.m2e.core.internal.Bundles - getClasspathEntries(Bundle=org.apache.commons.commons-codec_1.16.0 [77])
2024-04-25 12:24:01,245 [Worker-38: Launching currency-conversion-service] INFO  o.eclipse.m2e.core.internal.Bundles - 	Entry: C:\Users\tammi\Downloads\sts-4.22.0.RELEASE\plugins\org.apache.commons.commons-codec_1.16.0.jar
2024-04-25 12:24:01,245 [Worker-38: Launching currency-conversion-service] INFO  o.eclipse.m2e.core.internal.Bundles - getClasspathEntries(Bundle=org.apache.commons.lang3_3.14.0 [81])
2024-04-25 12:24:01,246 [Worker-38: Launching currency-conversion-service] INFO  o.eclipse.m2e.core.internal.Bundles - 	Entry: C:\Users\tammi\Downloads\sts-4.22.0.RELEASE\plugins\org.apache.commons.lang3_3.14.0.jar
2024-04-25 12:24:01,246 [Worker-38: Launching currency-conversion-service] INFO  o.eclipse.m2e.core.internal.Bundles - getClasspathEntries(Bundle=com.google.guava.failureaccess_1.0.2 [29])
2024-04-25 12:24:01,246 [Worker-38: Launching currency-conversion-service] INFO  o.eclipse.m2e.core.internal.Bundles - 	Entry: C:\Users\tammi\Downloads\sts-4.22.0.RELEASE\plugins\com.google.guava.failureaccess_1.0.2.jar
2024-04-25 12:24:01,249 [Worker-38: Launching currency-conversion-service] INFO  o.e.m.i.launch.MavenLaunchDelegate - Run build in "C:\Users\tammi\Documents\microservices-deploy-kubernetes\currency-conversion-service":
2024-04-25 12:24:01,255 [Worker-38: Launching currency-conversion-service] INFO  o.e.m.i.launch.MavenLaunchDelegate -  mvn  -B -Dstyle.color=always clean spring-boot:build-image -DskipTests
2024-04-25 12:28:23,363 [main] INFO  o.e.m2e.actions.ExecutePomAction - Creating new launch configuration
2024-04-25 12:28:30,042 [Worker-43: Launching currency-conversion-service (1)] INFO  o.eclipse.m2e.core.internal.Bundles - getClasspathEntries(Bundle=org.eclipse.m2e.maven.runtime_3.9.600.20231203-1234 [354])
2024-04-25 12:28:30,043 [Worker-43: Launching currency-conversion-service (1)] INFO  o.eclipse.m2e.core.internal.Bundles - 	Entry: C:\Users\tammi\Downloads\sts-4.22.0.RELEASE\plugins\org.eclipse.m2e.maven.runtime_3.9.600.20231203-1234
2024-04-25 12:28:30,044 [Worker-43: Launching currency-conversion-service (1)] INFO  o.eclipse.m2e.core.internal.Bundles - 	Entry: C:\Users\tammi\Downloads\sts-4.22.0.RELEASE\plugins\org.eclipse.m2e.maven.runtime_3.9.600.20231203-1234\jars\aopalliance-1.0.jar
2024-04-25 12:28:30,044 [Worker-43: Launching currency-conversion-service (1)] INFO  o.eclipse.m2e.core.internal.Bundles - 	Entry: C:\Users\tammi\Downloads\sts-4.22.0.RELEASE\plugins\org.eclipse.m2e.maven.runtime_3.9.600.20231203-1234\jars\guice-5.1.0.jar
2024-04-25 12:28:30,044 [Worker-43: Launching currency-conversion-service (1)] INFO  o.eclipse.m2e.core.internal.Bundles - 	Entry: C:\Users\tammi\Downloads\sts-4.22.0.RELEASE\plugins\org.eclipse.m2e.maven.runtime_3.9.600.20231203-1234\jars\httpclient-4.5.14.jar
2024-04-25 12:28:30,044 [Worker-43: Launching currency-conversion-service (1)] INFO  o.eclipse.m2e.core.internal.Bundles - 	Entry: C:\Users\tammi\Downloads\sts-4.22.0.RELEASE\plugins\org.eclipse.m2e.maven.runtime_3.9.600.20231203-1234\jars\httpcore-4.4.16.jar
2024-04-25 12:28:30,044 [Worker-43: Launching currency-conversion-service (1)] INFO  o.eclipse.m2e.core.internal.Bundles - 	Entry: C:\Users\tammi\Downloads\sts-4.22.0.RELEASE\plugins\org.eclipse.m2e.maven.runtime_3.9.600.20231203-1234\jars\jansi-2.4.0.jar
2024-04-25 12:28:30,045 [Worker-43: Launching currency-conversion-service (1)] INFO  o.eclipse.m2e.core.internal.Bundles - 	Entry: C:\Users\tammi\Downloads\sts-4.22.0.RELEASE\plugins\org.eclipse.m2e.maven.runtime_3.9.600.20231203-1234\jars\jcl-over-slf4j-1.7.36.jar
2024-04-25 12:28:30,045 [Worker-43: Launching currency-conversion-service (1)] INFO  o.eclipse.m2e.core.internal.Bundles - 	Entry: C:\Users\tammi\Downloads\sts-4.22.0.RELEASE\plugins\org.eclipse.m2e.maven.runtime_3.9.600.20231203-1234\jars\maven-artifact-3.9.6.jar
2024-04-25 12:28:30,045 [Worker-43: Launching currency-conversion-service (1)] INFO  o.eclipse.m2e.core.internal.Bundles - 	Entry: C:\Users\tammi\Downloads\sts-4.22.0.RELEASE\plugins\org.eclipse.m2e.maven.runtime_3.9.600.20231203-1234\jars\maven-builder-support-3.9.6.jar
2024-04-25 12:28:30,045 [Worker-43: Launching currency-conversion-service (1)] INFO  o.eclipse.m2e.core.internal.Bundles - 	Entry: C:\Users\tammi\Downloads\sts-4.22.0.RELEASE\plugins\org.eclipse.m2e.maven.runtime_3.9.600.20231203-1234\jars\maven-compat-3.9.6.jar
2024-04-25 12:28:30,045 [Worker-43: Launching currency-conversion-service (1)] INFO  o.eclipse.m2e.core.internal.Bundles - 	Entry: C:\Users\tammi\Downloads\sts-4.22.0.RELEASE\plugins\org.eclipse.m2e.maven.runtime_3.9.600.20231203-1234\jars\maven-core-3.9.6.jar
2024-04-25 12:28:30,045 [Worker-43: Launching currency-conversion-service (1)] INFO  o.eclipse.m2e.core.internal.Bundles - 	Entry: C:\Users\tammi\Downloads\sts-4.22.0.RELEASE\plugins\org.eclipse.m2e.maven.runtime_3.9.600.20231203-1234\jars\maven-embedder-3.9.6.jar
2024-04-25 12:28:30,045 [Worker-43: Launching currency-conversion-service (1)] INFO  o.eclipse.m2e.core.internal.Bundles - 	Entry: C:\Users\tammi\Downloads\sts-4.22.0.RELEASE\plugins\org.eclipse.m2e.maven.runtime_3.9.600.20231203-1234\jars\maven-model-3.9.6.jar
2024-04-25 12:28:30,045 [Worker-43: Launching currency-conversion-service (1)] INFO  o.eclipse.m2e.core.internal.Bundles - 	Entry: C:\Users\tammi\Downloads\sts-4.22.0.RELEASE\plugins\org.eclipse.m2e.maven.runtime_3.9.600.20231203-1234\jars\maven-model-builder-3.9.6.jar
2024-04-25 12:28:30,046 [Worker-43: Launching currency-conversion-service (1)] INFO  o.eclipse.m2e.core.internal.Bundles - 	Entry: C:\Users\tammi\Downloads\sts-4.22.0.RELEASE\plugins\org.eclipse.m2e.maven.runtime_3.9.600.20231203-1234\jars\maven-plugin-api-3.9.6.jar
2024-04-25 12:28:30,046 [Worker-43: Launching currency-conversion-service (1)] INFO  o.eclipse.m2e.core.internal.Bundles - 	Entry: C:\Users\tammi\Downloads\sts-4.22.0.RELEASE\plugins\org.eclipse.m2e.maven.runtime_3.9.600.20231203-1234\jars\maven-repository-metadata-3.9.6.jar
2024-04-25 12:28:30,046 [Worker-43: Launching currency-conversion-service (1)] INFO  o.eclipse.m2e.core.internal.Bundles - 	Entry: C:\Users\tammi\Downloads\sts-4.22.0.RELEASE\plugins\org.eclipse.m2e.maven.runtime_3.9.600.20231203-1234\jars\maven-resolver-api-1.9.18.jar
2024-04-25 12:28:30,046 [Worker-43: Launching currency-conversion-service (1)] INFO  o.eclipse.m2e.core.internal.Bundles - 	Entry: C:\Users\tammi\Downloads\sts-4.22.0.RELEASE\plugins\org.eclipse.m2e.maven.runtime_3.9.600.20231203-1234\jars\maven-resolver-connector-basic-1.9.18.jar
2024-04-25 12:28:30,046 [Worker-43: Launching currency-conversion-service (1)] INFO  o.eclipse.m2e.core.internal.Bundles - 	Entry: C:\Users\tammi\Downloads\sts-4.22.0.RELEASE\plugins\org.eclipse.m2e.maven.runtime_3.9.600.20231203-1234\jars\maven-resolver-impl-1.9.18.jar
2024-04-25 12:28:30,046 [Worker-43: Launching currency-conversion-service (1)] INFO  o.eclipse.m2e.core.internal.Bundles - 	Entry: C:\Users\tammi\Downloads\sts-4.22.0.RELEASE\plugins\org.eclipse.m2e.maven.runtime_3.9.600.20231203-1234\jars\maven-resolver-named-locks-1.9.18.jar
2024-04-25 12:28:30,047 [Worker-43: Launching currency-conversion-service (1)] INFO  o.eclipse.m2e.core.internal.Bundles - 	Entry: C:\Users\tammi\Downloads\sts-4.22.0.RELEASE\plugins\org.eclipse.m2e.maven.runtime_3.9.600.20231203-1234\jars\maven-resolver-provider-3.9.6.jar
2024-04-25 12:28:30,047 [Worker-43: Launching currency-conversion-service (1)] INFO  o.eclipse.m2e.core.internal.Bundles - 	Entry: C:\Users\tammi\Downloads\sts-4.22.0.RELEASE\plugins\org.eclipse.m2e.maven.runtime_3.9.600.20231203-1234\jars\maven-resolver-spi-1.9.18.jar
2024-04-25 12:28:30,047 [Worker-43: Launching currency-conversion-service (1)] INFO  o.eclipse.m2e.core.internal.Bundles - 	Entry: C:\Users\tammi\Downloads\sts-4.22.0.RELEASE\plugins\org.eclipse.m2e.maven.runtime_3.9.600.20231203-1234\jars\maven-resolver-transport-file-1.9.18.jar
2024-04-25 12:28:30,047 [Worker-43: Launching currency-conversion-service (1)] INFO  o.eclipse.m2e.core.internal.Bundles - 	Entry: C:\Users\tammi\Downloads\sts-4.22.0.RELEASE\plugins\org.eclipse.m2e.maven.runtime_3.9.600.20231203-1234\jars\maven-resolver-transport-http-1.9.18.jar
2024-04-25 12:28:30,047 [Worker-43: Launching currency-conversion-service (1)] INFO  o.eclipse.m2e.core.internal.Bundles - 	Entry: C:\Users\tammi\Downloads\sts-4.22.0.RELEASE\plugins\org.eclipse.m2e.maven.runtime_3.9.600.20231203-1234\jars\maven-resolver-transport-wagon-1.9.18.jar
2024-04-25 12:28:30,047 [Worker-43: Launching currency-conversion-service (1)] INFO  o.eclipse.m2e.core.internal.Bundles - 	Entry: C:\Users\tammi\Downloads\sts-4.22.0.RELEASE\plugins\org.eclipse.m2e.maven.runtime_3.9.600.20231203-1234\jars\maven-resolver-util-1.9.18.jar
2024-04-25 12:28:30,047 [Worker-43: Launching currency-conversion-service (1)] INFO  o.eclipse.m2e.core.internal.Bundles - 	Entry: C:\Users\tammi\Downloads\sts-4.22.0.RELEASE\plugins\org.eclipse.m2e.maven.runtime_3.9.600.20231203-1234\jars\maven-settings-3.9.6.jar
2024-04-25 12:28:30,048 [Worker-43: Launching currency-conversion-service (1)] INFO  o.eclipse.m2e.core.internal.Bundles - 	Entry: C:\Users\tammi\Downloads\sts-4.22.0.RELEASE\plugins\org.eclipse.m2e.maven.runtime_3.9.600.20231203-1234\jars\maven-settings-builder-3.9.6.jar
2024-04-25 12:28:30,048 [Worker-43: Launching currency-conversion-service (1)] INFO  o.eclipse.m2e.core.internal.Bundles - 	Entry: C:\Users\tammi\Downloads\sts-4.22.0.RELEASE\plugins\org.eclipse.m2e.maven.runtime_3.9.600.20231203-1234\jars\maven-shared-utils-3.3.4.jar
2024-04-25 12:28:30,048 [Worker-43: Launching currency-conversion-service (1)] INFO  o.eclipse.m2e.core.internal.Bundles - 	Entry: C:\Users\tammi\Downloads\sts-4.22.0.RELEASE\plugins\org.eclipse.m2e.maven.runtime_3.9.600.20231203-1234\jars\org.eclipse.sisu.inject-0.9.0.M2.jar
2024-04-25 12:28:30,048 [Worker-43: Launching currency-conversion-service (1)] INFO  o.eclipse.m2e.core.internal.Bundles - 	Entry: C:\Users\tammi\Downloads\sts-4.22.0.RELEASE\plugins\org.eclipse.m2e.maven.runtime_3.9.600.20231203-1234\jars\org.eclipse.sisu.plexus-0.9.0.M2.jar
2024-04-25 12:28:30,048 [Worker-43: Launching currency-conversion-service (1)] INFO  o.eclipse.m2e.core.internal.Bundles - 	Entry: C:\Users\tammi\Downloads\sts-4.22.0.RELEASE\plugins\org.eclipse.m2e.maven.runtime_3.9.600.20231203-1234\jars\plexus-build-api-0.0.7.jar
2024-04-25 12:28:30,048 [Worker-43: Launching currency-conversion-service (1)] INFO  o.eclipse.m2e.core.internal.Bundles - 	Entry: C:\Users\tammi\Downloads\sts-4.22.0.RELEASE\plugins\org.eclipse.m2e.maven.runtime_3.9.600.20231203-1234\jars\plexus-cipher-2.0.jar
2024-04-25 12:28:30,048 [Worker-43: Launching currency-conversion-service (1)] INFO  o.eclipse.m2e.core.internal.Bundles - 	Entry: C:\Users\tammi\Downloads\sts-4.22.0.RELEASE\plugins\org.eclipse.m2e.maven.runtime_3.9.600.20231203-1234\jars\plexus-classworlds-2.7.0.jar
2024-04-25 12:28:30,049 [Worker-43: Launching currency-conversion-service (1)] INFO  o.eclipse.m2e.core.internal.Bundles - 	Entry: C:\Users\tammi\Downloads\sts-4.22.0.RELEASE\plugins\org.eclipse.m2e.maven.runtime_3.9.600.20231203-1234\jars\plexus-component-annotations-2.1.0.jar
2024-04-25 12:28:30,049 [Worker-43: Launching currency-conversion-service (1)] INFO  o.eclipse.m2e.core.internal.Bundles - 	Entry: C:\Users\tammi\Downloads\sts-4.22.0.RELEASE\plugins\org.eclipse.m2e.maven.runtime_3.9.600.20231203-1234\jars\plexus-interpolation-1.26.jar
2024-04-25 12:28:30,049 [Worker-43: Launching currency-conversion-service (1)] INFO  o.eclipse.m2e.core.internal.Bundles - 	Entry: C:\Users\tammi\Downloads\sts-4.22.0.RELEASE\plugins\org.eclipse.m2e.maven.runtime_3.9.600.20231203-1234\jars\plexus-sec-dispatcher-2.0.jar
2024-04-25 12:28:30,049 [Worker-43: Launching currency-conversion-service (1)] INFO  o.eclipse.m2e.core.internal.Bundles - 	Entry: C:\Users\tammi\Downloads\sts-4.22.0.RELEASE\plugins\org.eclipse.m2e.maven.runtime_3.9.600.20231203-1234\jars\plexus-utils-3.5.1.jar
2024-04-25 12:28:30,049 [Worker-43: Launching currency-conversion-service (1)] INFO  o.eclipse.m2e.core.internal.Bundles - 	Entry: C:\Users\tammi\Downloads\sts-4.22.0.RELEASE\plugins\org.eclipse.m2e.maven.runtime_3.9.600.20231203-1234\jars\wagon-file-3.5.3.jar
2024-04-25 12:28:30,049 [Worker-43: Launching currency-conversion-service (1)] INFO  o.eclipse.m2e.core.internal.Bundles - 	Entry: C:\Users\tammi\Downloads\sts-4.22.0.RELEASE\plugins\org.eclipse.m2e.maven.runtime_3.9.600.20231203-1234\jars\wagon-http-3.5.3.jar
2024-04-25 12:28:30,049 [Worker-43: Launching currency-conversion-service (1)] INFO  o.eclipse.m2e.core.internal.Bundles - 	Entry: C:\Users\tammi\Downloads\sts-4.22.0.RELEASE\plugins\org.eclipse.m2e.maven.runtime_3.9.600.20231203-1234\jars\wagon-http-shared-3.5.3.jar
2024-04-25 12:28:30,050 [Worker-43: Launching currency-conversion-service (1)] INFO  o.eclipse.m2e.core.internal.Bundles - 	Entry: C:\Users\tammi\Downloads\sts-4.22.0.RELEASE\plugins\org.eclipse.m2e.maven.runtime_3.9.600.20231203-1234\jars\wagon-provider-api-3.5.3.jar
2024-04-25 12:28:30,050 [Worker-43: Launching currency-conversion-service (1)] INFO  o.eclipse.m2e.core.internal.Bundles - getClasspathEntries(Bundle=com.google.guava_33.0.0.jre [27])
2024-04-25 12:28:30,050 [Worker-43: Launching currency-conversion-service (1)] INFO  o.eclipse.m2e.core.internal.Bundles - 	Entry: C:\Users\tammi\Downloads\sts-4.22.0.RELEASE\plugins\com.google.guava_33.0.0.jre.jar
2024-04-25 12:28:30,050 [Worker-43: Launching currency-conversion-service (1)] INFO  o.eclipse.m2e.core.internal.Bundles - getClasspathEntries(Bundle=slf4j.api_2.0.12 [583])
2024-04-25 12:28:30,051 [Worker-43: Launching currency-conversion-service (1)] INFO  o.eclipse.m2e.core.internal.Bundles - 	Entry: C:\Users\tammi\Downloads\sts-4.22.0.RELEASE\plugins\slf4j.api_2.0.12.jar
2024-04-25 12:28:30,051 [Worker-43: Launching currency-conversion-service (1)] INFO  o.eclipse.m2e.core.internal.Bundles - getClasspathEntries(Bundle=jakarta.inject.jakarta.inject-api_1.0.5 [44])
2024-04-25 12:28:30,051 [Worker-43: Launching currency-conversion-service (1)] INFO  o.eclipse.m2e.core.internal.Bundles - 	Entry: C:\Users\tammi\Downloads\sts-4.22.0.RELEASE\plugins\jakarta.inject.jakarta.inject-api_1.0.5.jar
2024-04-25 12:28:30,051 [Worker-43: Launching currency-conversion-service (1)] INFO  o.eclipse.m2e.core.internal.Bundles - getClasspathEntries(Bundle=jakarta.annotation-api_1.3.5 [40])
2024-04-25 12:28:30,052 [Worker-43: Launching currency-conversion-service (1)] INFO  o.eclipse.m2e.core.internal.Bundles - 	Entry: C:\Users\tammi\Downloads\sts-4.22.0.RELEASE\plugins\jakarta.annotation-api_1.3.5.jar
2024-04-25 12:28:30,052 [Worker-43: Launching currency-conversion-service (1)] INFO  o.eclipse.m2e.core.internal.Bundles - getClasspathEntries(Bundle=org.apache.commons.cli_1.6.0 [75])
2024-04-25 12:28:30,052 [Worker-43: Launching currency-conversion-service (1)] INFO  o.eclipse.m2e.core.internal.Bundles - 	Entry: C:\Users\tammi\Downloads\sts-4.22.0.RELEASE\plugins\org.apache.commons.cli_1.6.0.jar
2024-04-25 12:28:30,052 [Worker-43: Launching currency-conversion-service (1)] INFO  o.eclipse.m2e.core.internal.Bundles - getClasspathEntries(Bundle=org.apache.commons.commons-codec_1.16.0 [77])
2024-04-25 12:28:30,053 [Worker-43: Launching currency-conversion-service (1)] INFO  o.eclipse.m2e.core.internal.Bundles - 	Entry: C:\Users\tammi\Downloads\sts-4.22.0.RELEASE\plugins\org.apache.commons.commons-codec_1.16.0.jar
2024-04-25 12:28:30,053 [Worker-43: Launching currency-conversion-service (1)] INFO  o.eclipse.m2e.core.internal.Bundles - getClasspathEntries(Bundle=org.apache.commons.lang3_3.14.0 [81])
2024-04-25 12:28:30,053 [Worker-43: Launching currency-conversion-service (1)] INFO  o.eclipse.m2e.core.internal.Bundles - 	Entry: C:\Users\tammi\Downloads\sts-4.22.0.RELEASE\plugins\org.apache.commons.lang3_3.14.0.jar
2024-04-25 12:28:30,053 [Worker-43: Launching currency-conversion-service (1)] INFO  o.eclipse.m2e.core.internal.Bundles - getClasspathEntries(Bundle=com.google.guava.failureaccess_1.0.2 [29])
2024-04-25 12:28:30,053 [Worker-43: Launching currency-conversion-service (1)] INFO  o.eclipse.m2e.core.internal.Bundles - 	Entry: C:\Users\tammi\Downloads\sts-4.22.0.RELEASE\plugins\com.google.guava.failureaccess_1.0.2.jar
2024-04-25 12:28:30,055 [Worker-43: Launching currency-conversion-service (1)] INFO  o.e.m.i.launch.MavenLaunchDelegate - Run build in "C:\Users\tammi\Documents\microservices-deploy-kubernetes\currency-conversion-service":
2024-04-25 12:28:30,055 [Worker-43: Launching currency-conversion-service (1)] INFO  o.e.m.i.launch.MavenLaunchDelegate -  mvn  -B -Dstyle.color=always clean spring-boot:build-image -DskipTests
2024-04-25 12:30:23,797 [Worker-50: Building] INFO  o.e.m.c.i.l.LifecycleMappingFactory - Using org.eclipse.m2e.jdt.JarLifecycleMapping lifecycle mapping for MavenProject: com.in28minutes.microservices:currency-exchange-service:0.0.12-SNAPSHOT @ C:\Users\tammi\Documents\microservices-deploy-kubernetes\currency-exchange-service\pom.xml.
2024-04-25 12:30:24,329 [Worker-50: Building] INFO  o.a.m.s.f.DefaultMavenResourcesFiltering - Copying 0 resource from src\main\resources to target\classes
2024-04-25 12:30:24,330 [Worker-50: Building] INFO  o.a.m.s.f.DefaultMavenResourcesFiltering - Copying 0 resource from src\main\resources to target\classes
2024-04-25 12:30:24,332 [Worker-50: Building] INFO  o.a.m.s.f.DefaultMavenResourcesFiltering - skip non existing resourceDirectory C:\Users\tammi\Documents\microservices-deploy-kubernetes\currency-exchange-service\src\test\resources
2024-04-25 12:30:48,812 [Worker-49: Building] INFO  o.a.m.s.f.DefaultMavenResourcesFiltering - Copying 1 resource from src\main\resources to target\classes
2024-04-25 12:30:48,882 [Worker-49: Building] INFO  o.a.m.s.f.DefaultMavenResourcesFiltering - Copying 1 resource from src\main\resources to target\classes
2024-04-25 12:30:48,884 [Worker-49: Building] INFO  o.a.m.s.f.DefaultMavenResourcesFiltering - skip non existing resourceDirectory C:\Users\tammi\Documents\microservices-deploy-kubernetes\currency-exchange-service\src\test\resources
2024-04-25 12:31:03,145 [main] INFO  o.e.m2e.actions.ExecutePomAction - Creating new launch configuration
2024-04-25 12:31:19,812 [Worker-46: Launching currency-exchange-service] INFO  o.eclipse.m2e.core.internal.Bundles - getClasspathEntries(Bundle=org.eclipse.m2e.maven.runtime_3.9.600.20231203-1234 [354])
2024-04-25 12:31:19,812 [Worker-46: Launching currency-exchange-service] INFO  o.eclipse.m2e.core.internal.Bundles - 	Entry: C:\Users\tammi\Downloads\sts-4.22.0.RELEASE\plugins\org.eclipse.m2e.maven.runtime_3.9.600.20231203-1234
2024-04-25 12:31:19,812 [Worker-46: Launching currency-exchange-service] INFO  o.eclipse.m2e.core.internal.Bundles - 	Entry: C:\Users\tammi\Downloads\sts-4.22.0.RELEASE\plugins\org.eclipse.m2e.maven.runtime_3.9.600.20231203-1234\jars\aopalliance-1.0.jar
2024-04-25 12:31:19,812 [Worker-46: Launching currency-exchange-service] INFO  o.eclipse.m2e.core.internal.Bundles - 	Entry: C:\Users\tammi\Downloads\sts-4.22.0.RELEASE\plugins\org.eclipse.m2e.maven.runtime_3.9.600.20231203-1234\jars\guice-5.1.0.jar
2024-04-25 12:31:19,812 [Worker-46: Launching currency-exchange-service] INFO  o.eclipse.m2e.core.internal.Bundles - 	Entry: C:\Users\tammi\Downloads\sts-4.22.0.RELEASE\plugins\org.eclipse.m2e.maven.runtime_3.9.600.20231203-1234\jars\httpclient-4.5.14.jar
2024-04-25 12:31:19,812 [Worker-46: Launching currency-exchange-service] INFO  o.eclipse.m2e.core.internal.Bundles - 	Entry: C:\Users\tammi\Downloads\sts-4.22.0.RELEASE\plugins\org.eclipse.m2e.maven.runtime_3.9.600.20231203-1234\jars\httpcore-4.4.16.jar
2024-04-25 12:31:19,812 [Worker-46: Launching currency-exchange-service] INFO  o.eclipse.m2e.core.internal.Bundles - 	Entry: C:\Users\tammi\Downloads\sts-4.22.0.RELEASE\plugins\org.eclipse.m2e.maven.runtime_3.9.600.20231203-1234\jars\jansi-2.4.0.jar
2024-04-25 12:31:19,812 [Worker-46: Launching currency-exchange-service] INFO  o.eclipse.m2e.core.internal.Bundles - 	Entry: C:\Users\tammi\Downloads\sts-4.22.0.RELEASE\plugins\org.eclipse.m2e.maven.runtime_3.9.600.20231203-1234\jars\jcl-over-slf4j-1.7.36.jar
2024-04-25 12:31:19,812 [Worker-46: Launching currency-exchange-service] INFO  o.eclipse.m2e.core.internal.Bundles - 	Entry: C:\Users\tammi\Downloads\sts-4.22.0.RELEASE\plugins\org.eclipse.m2e.maven.runtime_3.9.600.20231203-1234\jars\maven-artifact-3.9.6.jar
2024-04-25 12:31:19,812 [Worker-46: Launching currency-exchange-service] INFO  o.eclipse.m2e.core.internal.Bundles - 	Entry: C:\Users\tammi\Downloads\sts-4.22.0.RELEASE\plugins\org.eclipse.m2e.maven.runtime_3.9.600.20231203-1234\jars\maven-builder-support-3.9.6.jar
2024-04-25 12:31:19,812 [Worker-46: Launching currency-exchange-service] INFO  o.eclipse.m2e.core.internal.Bundles - 	Entry: C:\Users\tammi\Downloads\sts-4.22.0.RELEASE\plugins\org.eclipse.m2e.maven.runtime_3.9.600.20231203-1234\jars\maven-compat-3.9.6.jar
2024-04-25 12:31:19,812 [Worker-46: Launching currency-exchange-service] INFO  o.eclipse.m2e.core.internal.Bundles - 	Entry: C:\Users\tammi\Downloads\sts-4.22.0.RELEASE\plugins\org.eclipse.m2e.maven.runtime_3.9.600.20231203-1234\jars\maven-core-3.9.6.jar
2024-04-25 12:31:19,812 [Worker-46: Launching currency-exchange-service] INFO  o.eclipse.m2e.core.internal.Bundles - 	Entry: C:\Users\tammi\Downloads\sts-4.22.0.RELEASE\plugins\org.eclipse.m2e.maven.runtime_3.9.600.20231203-1234\jars\maven-embedder-3.9.6.jar
2024-04-25 12:31:19,812 [Worker-46: Launching currency-exchange-service] INFO  o.eclipse.m2e.core.internal.Bundles - 	Entry: C:\Users\tammi\Downloads\sts-4.22.0.RELEASE\plugins\org.eclipse.m2e.maven.runtime_3.9.600.20231203-1234\jars\maven-model-3.9.6.jar
2024-04-25 12:31:19,812 [Worker-46: Launching currency-exchange-service] INFO  o.eclipse.m2e.core.internal.Bundles - 	Entry: C:\Users\tammi\Downloads\sts-4.22.0.RELEASE\plugins\org.eclipse.m2e.maven.runtime_3.9.600.20231203-1234\jars\maven-model-builder-3.9.6.jar
2024-04-25 12:31:19,812 [Worker-46: Launching currency-exchange-service] INFO  o.eclipse.m2e.core.internal.Bundles - 	Entry: C:\Users\tammi\Downloads\sts-4.22.0.RELEASE\plugins\org.eclipse.m2e.maven.runtime_3.9.600.20231203-1234\jars\maven-plugin-api-3.9.6.jar
2024-04-25 12:31:19,812 [Worker-46: Launching currency-exchange-service] INFO  o.eclipse.m2e.core.internal.Bundles - 	Entry: C:\Users\tammi\Downloads\sts-4.22.0.RELEASE\plugins\org.eclipse.m2e.maven.runtime_3.9.600.20231203-1234\jars\maven-repository-metadata-3.9.6.jar
2024-04-25 12:31:19,812 [Worker-46: Launching currency-exchange-service] INFO  o.eclipse.m2e.core.internal.Bundles - 	Entry: C:\Users\tammi\Downloads\sts-4.22.0.RELEASE\plugins\org.eclipse.m2e.maven.runtime_3.9.600.20231203-1234\jars\maven-resolver-api-1.9.18.jar
2024-04-25 12:31:19,812 [Worker-46: Launching currency-exchange-service] INFO  o.eclipse.m2e.core.internal.Bundles - 	Entry: C:\Users\tammi\Downloads\sts-4.22.0.RELEASE\plugins\org.eclipse.m2e.maven.runtime_3.9.600.20231203-1234\jars\maven-resolver-connector-basic-1.9.18.jar
2024-04-25 12:31:19,812 [Worker-46: Launching currency-exchange-service] INFO  o.eclipse.m2e.core.internal.Bundles - 	Entry: C:\Users\tammi\Downloads\sts-4.22.0.RELEASE\plugins\org.eclipse.m2e.maven.runtime_3.9.600.20231203-1234\jars\maven-resolver-impl-1.9.18.jar
2024-04-25 12:31:19,812 [Worker-46: Launching currency-exchange-service] INFO  o.eclipse.m2e.core.internal.Bundles - 	Entry: C:\Users\tammi\Downloads\sts-4.22.0.RELEASE\plugins\org.eclipse.m2e.maven.runtime_3.9.600.20231203-1234\jars\maven-resolver-named-locks-1.9.18.jar
2024-04-25 12:31:19,812 [Worker-46: Launching currency-exchange-service] INFO  o.eclipse.m2e.core.internal.Bundles - 	Entry: C:\Users\tammi\Downloads\sts-4.22.0.RELEASE\plugins\org.eclipse.m2e.maven.runtime_3.9.600.20231203-1234\jars\maven-resolver-provider-3.9.6.jar
2024-04-25 12:31:19,812 [Worker-46: Launching currency-exchange-service] INFO  o.eclipse.m2e.core.internal.Bundles - 	Entry: C:\Users\tammi\Downloads\sts-4.22.0.RELEASE\plugins\org.eclipse.m2e.maven.runtime_3.9.600.20231203-1234\jars\maven-resolver-spi-1.9.18.jar
2024-04-25 12:31:19,812 [Worker-46: Launching currency-exchange-service] INFO  o.eclipse.m2e.core.internal.Bundles - 	Entry: C:\Users\tammi\Downloads\sts-4.22.0.RELEASE\plugins\org.eclipse.m2e.maven.runtime_3.9.600.20231203-1234\jars\maven-resolver-transport-file-1.9.18.jar
2024-04-25 12:31:19,812 [Worker-46: Launching currency-exchange-service] INFO  o.eclipse.m2e.core.internal.Bundles - 	Entry: C:\Users\tammi\Downloads\sts-4.22.0.RELEASE\plugins\org.eclipse.m2e.maven.runtime_3.9.600.20231203-1234\jars\maven-resolver-transport-http-1.9.18.jar
2024-04-25 12:31:19,812 [Worker-46: Launching currency-exchange-service] INFO  o.eclipse.m2e.core.internal.Bundles - 	Entry: C:\Users\tammi\Downloads\sts-4.22.0.RELEASE\plugins\org.eclipse.m2e.maven.runtime_3.9.600.20231203-1234\jars\maven-resolver-transport-wagon-1.9.18.jar
2024-04-25 12:31:19,812 [Worker-46: Launching currency-exchange-service] INFO  o.eclipse.m2e.core.internal.Bundles - 	Entry: C:\Users\tammi\Downloads\sts-4.22.0.RELEASE\plugins\org.eclipse.m2e.maven.runtime_3.9.600.20231203-1234\jars\maven-resolver-util-1.9.18.jar
2024-04-25 12:31:19,812 [Worker-46: Launching currency-exchange-service] INFO  o.eclipse.m2e.core.internal.Bundles - 	Entry: C:\Users\tammi\Downloads\sts-4.22.0.RELEASE\plugins\org.eclipse.m2e.maven.runtime_3.9.600.20231203-1234\jars\maven-settings-3.9.6.jar
2024-04-25 12:31:19,812 [Worker-46: Launching currency-exchange-service] INFO  o.eclipse.m2e.core.internal.Bundles - 	Entry: C:\Users\tammi\Downloads\sts-4.22.0.RELEASE\plugins\org.eclipse.m2e.maven.runtime_3.9.600.20231203-1234\jars\maven-settings-builder-3.9.6.jar
2024-04-25 12:31:19,812 [Worker-46: Launching currency-exchange-service] INFO  o.eclipse.m2e.core.internal.Bundles - 	Entry: C:\Users\tammi\Downloads\sts-4.22.0.RELEASE\plugins\org.eclipse.m2e.maven.runtime_3.9.600.20231203-1234\jars\maven-shared-utils-3.3.4.jar
2024-04-25 12:31:19,812 [Worker-46: Launching currency-exchange-service] INFO  o.eclipse.m2e.core.internal.Bundles - 	Entry: C:\Users\tammi\Downloads\sts-4.22.0.RELEASE\plugins\org.eclipse.m2e.maven.runtime_3.9.600.20231203-1234\jars\org.eclipse.sisu.inject-0.9.0.M2.jar
2024-04-25 12:31:19,812 [Worker-46: Launching currency-exchange-service] INFO  o.eclipse.m2e.core.internal.Bundles - 	Entry: C:\Users\tammi\Downloads\sts-4.22.0.RELEASE\plugins\org.eclipse.m2e.maven.runtime_3.9.600.20231203-1234\jars\org.eclipse.sisu.plexus-0.9.0.M2.jar
2024-04-25 12:31:19,812 [Worker-46: Launching currency-exchange-service] INFO  o.eclipse.m2e.core.internal.Bundles - 	Entry: C:\Users\tammi\Downloads\sts-4.22.0.RELEASE\plugins\org.eclipse.m2e.maven.runtime_3.9.600.20231203-1234\jars\plexus-build-api-0.0.7.jar
2024-04-25 12:31:19,812 [Worker-46: Launching currency-exchange-service] INFO  o.eclipse.m2e.core.internal.Bundles - 	Entry: C:\Users\tammi\Downloads\sts-4.22.0.RELEASE\plugins\org.eclipse.m2e.maven.runtime_3.9.600.20231203-1234\jars\plexus-cipher-2.0.jar
2024-04-25 12:31:19,812 [Worker-46: Launching currency-exchange-service] INFO  o.eclipse.m2e.core.internal.Bundles - 	Entry: C:\Users\tammi\Downloads\sts-4.22.0.RELEASE\plugins\org.eclipse.m2e.maven.runtime_3.9.600.20231203-1234\jars\plexus-classworlds-2.7.0.jar
2024-04-25 12:31:19,812 [Worker-46: Launching currency-exchange-service] INFO  o.eclipse.m2e.core.internal.Bundles - 	Entry: C:\Users\tammi\Downloads\sts-4.22.0.RELEASE\plugins\org.eclipse.m2e.maven.runtime_3.9.600.20231203-1234\jars\plexus-component-annotations-2.1.0.jar
2024-04-25 12:31:19,812 [Worker-46: Launching currency-exchange-service] INFO  o.eclipse.m2e.core.internal.Bundles - 	Entry: C:\Users\tammi\Downloads\sts-4.22.0.RELEASE\plugins\org.eclipse.m2e.maven.runtime_3.9.600.20231203-1234\jars\plexus-interpolation-1.26.jar
2024-04-25 12:31:19,812 [Worker-46: Launching currency-exchange-service] INFO  o.eclipse.m2e.core.internal.Bundles - 	Entry: C:\Users\tammi\Downloads\sts-4.22.0.RELEASE\plugins\org.eclipse.m2e.maven.runtime_3.9.600.20231203-1234\jars\plexus-sec-dispatcher-2.0.jar
2024-04-25 12:31:19,812 [Worker-46: Launching currency-exchange-service] INFO  o.eclipse.m2e.core.internal.Bundles - 	Entry: C:\Users\tammi\Downloads\sts-4.22.0.RELEASE\plugins\org.eclipse.m2e.maven.runtime_3.9.600.20231203-1234\jars\plexus-utils-3.5.1.jar
2024-04-25 12:31:19,812 [Worker-46: Launching currency-exchange-service] INFO  o.eclipse.m2e.core.internal.Bundles - 	Entry: C:\Users\tammi\Downloads\sts-4.22.0.RELEASE\plugins\org.eclipse.m2e.maven.runtime_3.9.600.20231203-1234\jars\wagon-file-3.5.3.jar
2024-04-25 12:31:19,812 [Worker-46: Launching currency-exchange-service] INFO  o.eclipse.m2e.core.internal.Bundles - 	Entry: C:\Users\tammi\Downloads\sts-4.22.0.RELEASE\plugins\org.eclipse.m2e.maven.runtime_3.9.600.20231203-1234\jars\wagon-http-3.5.3.jar
2024-04-25 12:31:19,812 [Worker-46: Launching currency-exchange-service] INFO  o.eclipse.m2e.core.internal.Bundles - 	Entry: C:\Users\tammi\Downloads\sts-4.22.0.RELEASE\plugins\org.eclipse.m2e.maven.runtime_3.9.600.20231203-1234\jars\wagon-http-shared-3.5.3.jar
2024-04-25 12:31:19,812 [Worker-46: Launching currency-exchange-service] INFO  o.eclipse.m2e.core.internal.Bundles - 	Entry: C:\Users\tammi\Downloads\sts-4.22.0.RELEASE\plugins\org.eclipse.m2e.maven.runtime_3.9.600.20231203-1234\jars\wagon-provider-api-3.5.3.jar
2024-04-25 12:31:19,812 [Worker-46: Launching currency-exchange-service] INFO  o.eclipse.m2e.core.internal.Bundles - getClasspathEntries(Bundle=com.google.guava_33.0.0.jre [27])
2024-04-25 12:31:19,812 [Worker-46: Launching currency-exchange-service] INFO  o.eclipse.m2e.core.internal.Bundles - 	Entry: C:\Users\tammi\Downloads\sts-4.22.0.RELEASE\plugins\com.google.guava_33.0.0.jre.jar
2024-04-25 12:31:19,812 [Worker-46: Launching currency-exchange-service] INFO  o.eclipse.m2e.core.internal.Bundles - getClasspathEntries(Bundle=slf4j.api_2.0.12 [583])
2024-04-25 12:31:19,812 [Worker-46: Launching currency-exchange-service] INFO  o.eclipse.m2e.core.internal.Bundles - 	Entry: C:\Users\tammi\Downloads\sts-4.22.0.RELEASE\plugins\slf4j.api_2.0.12.jar
2024-04-25 12:31:19,812 [Worker-46: Launching currency-exchange-service] INFO  o.eclipse.m2e.core.internal.Bundles - getClasspathEntries(Bundle=jakarta.inject.jakarta.inject-api_1.0.5 [44])
2024-04-25 12:31:19,812 [Worker-46: Launching currency-exchange-service] INFO  o.eclipse.m2e.core.internal.Bundles - 	Entry: C:\Users\tammi\Downloads\sts-4.22.0.RELEASE\plugins\jakarta.inject.jakarta.inject-api_1.0.5.jar
2024-04-25 12:31:19,812 [Worker-46: Launching currency-exchange-service] INFO  o.eclipse.m2e.core.internal.Bundles - getClasspathEntries(Bundle=jakarta.annotation-api_1.3.5 [40])
2024-04-25 12:31:19,812 [Worker-46: Launching currency-exchange-service] INFO  o.eclipse.m2e.core.internal.Bundles - 	Entry: C:\Users\tammi\Downloads\sts-4.22.0.RELEASE\plugins\jakarta.annotation-api_1.3.5.jar
2024-04-25 12:31:19,812 [Worker-46: Launching currency-exchange-service] INFO  o.eclipse.m2e.core.internal.Bundles - getClasspathEntries(Bundle=org.apache.commons.cli_1.6.0 [75])
2024-04-25 12:31:19,812 [Worker-46: Launching currency-exchange-service] INFO  o.eclipse.m2e.core.internal.Bundles - 	Entry: C:\Users\tammi\Downloads\sts-4.22.0.RELEASE\plugins\org.apache.commons.cli_1.6.0.jar
2024-04-25 12:31:19,812 [Worker-46: Launching currency-exchange-service] INFO  o.eclipse.m2e.core.internal.Bundles - getClasspathEntries(Bundle=org.apache.commons.commons-codec_1.16.0 [77])
2024-04-25 12:31:19,812 [Worker-46: Launching currency-exchange-service] INFO  o.eclipse.m2e.core.internal.Bundles - 	Entry: C:\Users\tammi\Downloads\sts-4.22.0.RELEASE\plugins\org.apache.commons.commons-codec_1.16.0.jar
2024-04-25 12:31:19,812 [Worker-46: Launching currency-exchange-service] INFO  o.eclipse.m2e.core.internal.Bundles - getClasspathEntries(Bundle=org.apache.commons.lang3_3.14.0 [81])
2024-04-25 12:31:19,812 [Worker-46: Launching currency-exchange-service] INFO  o.eclipse.m2e.core.internal.Bundles - 	Entry: C:\Users\tammi\Downloads\sts-4.22.0.RELEASE\plugins\org.apache.commons.lang3_3.14.0.jar
2024-04-25 12:31:19,812 [Worker-46: Launching currency-exchange-service] INFO  o.eclipse.m2e.core.internal.Bundles - getClasspathEntries(Bundle=com.google.guava.failureaccess_1.0.2 [29])
2024-04-25 12:31:19,812 [Worker-46: Launching currency-exchange-service] INFO  o.eclipse.m2e.core.internal.Bundles - 	Entry: C:\Users\tammi\Downloads\sts-4.22.0.RELEASE\plugins\com.google.guava.failureaccess_1.0.2.jar
2024-04-25 12:31:19,828 [Worker-46: Launching currency-exchange-service] INFO  o.e.m.i.launch.MavenLaunchDelegate - Run build in "C:\Users\tammi\Documents\microservices-deploy-kubernetes\currency-exchange-service":
2024-04-25 12:31:19,828 [Worker-46: Launching currency-exchange-service] INFO  o.e.m.i.launch.MavenLaunchDelegate -  mvn  -B -Dstyle.color=always clean spring-boot:build-image -DskipTests
2024-04-25 12:36:27,076 [Worker-52: Building] INFO  o.a.m.s.f.DefaultMavenResourcesFiltering - Copying 0 resource from src\main\resources to target\classes
2024-04-25 12:36:27,076 [Worker-52: Building] INFO  o.a.m.s.f.DefaultMavenResourcesFiltering - Copying 0 resource from src\main\resources to target\classes
2024-04-25 12:36:27,080 [Worker-52: Building] INFO  o.a.m.s.f.DefaultMavenResourcesFiltering - skip non existing resourceDirectory C:\Users\tammi\Documents\microservices-deploy-kubernetes\currency-conversion-service\src\test\resources
2024-04-25 12:37:05,274 [Worker-53: Building] INFO  o.a.m.s.f.DefaultMavenResourcesFiltering - Copying 0 resource from src\main\resources to target\classes
2024-04-25 12:37:05,275 [Worker-53: Building] INFO  o.a.m.s.f.DefaultMavenResourcesFiltering - Copying 0 resource from src\main\resources to target\classes
2024-04-25 12:37:05,278 [Worker-53: Building] INFO  o.a.m.s.f.DefaultMavenResourcesFiltering - skip non existing resourceDirectory C:\Users\tammi\Documents\microservices-deploy-kubernetes\currency-conversion-service\src\test\resources
2024-04-25 12:38:11,902 [Worker-56: Building] INFO  o.a.m.s.f.DefaultMavenResourcesFiltering - Copying 0 resource from src\main\resources to target\classes
2024-04-25 12:38:11,904 [Worker-56: Building] INFO  o.a.m.s.f.DefaultMavenResourcesFiltering - Copying 0 resource from src\main\resources to target\classes
2024-04-25 12:38:11,906 [Worker-56: Building] INFO  o.a.m.s.f.DefaultMavenResourcesFiltering - skip non existing resourceDirectory C:\Users\tammi\Documents\microservices-deploy-kubernetes\currency-conversion-service\src\test\resources
2024-04-25 12:41:46,472 [Worker-60: Building] INFO  o.a.m.s.f.DefaultMavenResourcesFiltering - Copying 0 resource from src\main\resources to target\classes
2024-04-25 12:41:46,473 [Worker-60: Building] INFO  o.a.m.s.f.DefaultMavenResourcesFiltering - Copying 0 resource from src\main\resources to target\classes
2024-04-25 12:41:46,476 [Worker-60: Building] INFO  o.a.m.s.f.DefaultMavenResourcesFiltering - skip non existing resourceDirectory C:\Users\tammi\Documents\microservices-deploy-kubernetes\currency-conversion-service\src\test\resources
2024-04-25 18:28:40,981 [Worker-90: Building] INFO  o.a.m.s.f.DefaultMavenResourcesFiltering - Copying 0 resource from src\main\resources to target\classes
2024-04-25 18:28:40,984 [Worker-90: Building] INFO  o.a.m.s.f.DefaultMavenResourcesFiltering - Copying 0 resource from src\main\resources to target\classes
2024-04-25 18:28:40,988 [Worker-90: Building] INFO  o.a.m.s.f.DefaultMavenResourcesFiltering - skip non existing resourceDirectory C:\Users\tammi\Documents\microservices-deploy-kubernetes\currency-conversion-service\src\test\resources
2024-04-25 18:41:47,810 [Worker-93: Building] INFO  o.a.m.s.f.DefaultMavenResourcesFiltering - Copying 0 resource from src\main\resources to target\classes
2024-04-25 18:41:47,812 [Worker-93: Building] INFO  o.a.m.s.f.DefaultMavenResourcesFiltering - Copying 0 resource from src\main\resources to target\classes
2024-04-25 18:41:47,817 [Worker-93: Building] INFO  o.a.m.s.f.DefaultMavenResourcesFiltering - skip non existing resourceDirectory C:\Users\tammi\Documents\microservices-deploy-kubernetes\currency-conversion-service\src\test\resources
2024-04-25 18:43:34,009 [Worker-101: Building] INFO  o.a.m.s.f.DefaultMavenResourcesFiltering - Copying 0 resource from src\main\resources to target\classes
2024-04-25 18:43:34,010 [Worker-101: Building] INFO  o.a.m.s.f.DefaultMavenResourcesFiltering - Copying 0 resource from src\main\resources to target\classes
2024-04-25 18:43:34,014 [Worker-101: Building] INFO  o.a.m.s.f.DefaultMavenResourcesFiltering - skip non existing resourceDirectory C:\Users\tammi\Documents\microservices-deploy-kubernetes\currency-conversion-service\src\test\resources
2024-04-25 18:43:48,938 [Worker-99: Building] INFO  o.a.m.s.f.DefaultMavenResourcesFiltering - Copying 0 resource from src\main\resources to target\classes
2024-04-25 18:43:48,939 [Worker-99: Building] INFO  o.a.m.s.f.DefaultMavenResourcesFiltering - Copying 0 resource from src\main\resources to target\classes
2024-04-25 18:43:48,943 [Worker-99: Building] INFO  o.a.m.s.f.DefaultMavenResourcesFiltering - skip non existing resourceDirectory C:\Users\tammi\Documents\microservices-deploy-kubernetes\currency-conversion-service\src\test\resources
2024-04-25 18:44:29,111 [Worker-91: Building] INFO  o.a.m.s.f.DefaultMavenResourcesFiltering - Copying 0 resource from src\main\resources to target\classes
2024-04-25 18:44:29,112 [Worker-91: Building] INFO  o.a.m.s.f.DefaultMavenResourcesFiltering - Copying 0 resource from src\main\resources to target\classes
2024-04-25 18:44:29,115 [Worker-91: Building] INFO  o.a.m.s.f.DefaultMavenResourcesFiltering - skip non existing resourceDirectory C:\Users\tammi\Documents\microservices-deploy-kubernetes\currency-conversion-service\src\test\resources
2024-04-25 18:46:42,715 [Worker-98: Building] INFO  o.a.m.s.f.DefaultMavenResourcesFiltering - Copying 0 resource from src\main\resources to target\classes
2024-04-25 18:46:42,716 [Worker-98: Building] INFO  o.a.m.s.f.DefaultMavenResourcesFiltering - Copying 0 resource from src\main\resources to target\classes
2024-04-25 18:46:42,717 [Worker-98: Building] INFO  o.a.m.s.f.DefaultMavenResourcesFiltering - skip non existing resourceDirectory C:\Users\tammi\Documents\microservices-deploy-kubernetes\currency-conversion-service\src\test\resources
2024-04-25 19:18:57,518 [Worker-110: Building] INFO  o.a.m.s.f.DefaultMavenResourcesFiltering - Copying 0 resource from src\main\resources to target\classes
2024-04-25 19:18:57,519 [Worker-110: Building] INFO  o.a.m.s.f.DefaultMavenResourcesFiltering - Copying 0 resource from src\main\resources to target\classes
2024-04-25 19:18:57,521 [Worker-110: Building] INFO  o.a.m.s.f.DefaultMavenResourcesFiltering - skip non existing resourceDirectory C:\Users\tammi\Documents\microservices-deploy-kubernetes\currency-exchange-service\src\test\resources
2024-04-25 19:19:03,089 [Worker-110: Building] INFO  o.a.m.s.f.DefaultMavenResourcesFiltering - Copying 0 resource from src\main\resources to target\classes
2024-04-25 19:19:03,091 [Worker-110: Building] INFO  o.a.m.s.f.DefaultMavenResourcesFiltering - Copying 0 resource from src\main\resources to target\classes
2024-04-25 19:19:03,095 [Worker-110: Building] INFO  o.a.m.s.f.DefaultMavenResourcesFiltering - skip non existing resourceDirectory C:\Users\tammi\Documents\microservices-deploy-kubernetes\currency-exchange-service\src\test\resources
2024-04-25 19:35:24,853 [Worker-113: Building] INFO  o.a.m.s.f.DefaultMavenResourcesFiltering - Copying 0 resource from src\main\resources to target\classes
2024-04-25 19:35:24,854 [Worker-113: Building] INFO  o.a.m.s.f.DefaultMavenResourcesFiltering - Copying 0 resource from src\main\resources to target\classes
2024-04-25 19:35:24,856 [Worker-113: Building] INFO  o.a.m.s.f.DefaultMavenResourcesFiltering - skip non existing resourceDirectory C:\Users\tammi\Documents\microservices-deploy-kubernetes\currency-exchange-service\src\test\resources
2024-04-25 19:36:02,946 [Worker-109: Building] INFO  o.a.m.s.f.DefaultMavenResourcesFiltering - Copying 0 resource from src\main\resources to target\classes
2024-04-25 19:36:02,946 [Worker-109: Building] INFO  o.a.m.s.f.DefaultMavenResourcesFiltering - Copying 0 resource from src\main\resources to target\classes
2024-04-25 19:36:02,946 [Worker-109: Building] INFO  o.a.m.s.f.DefaultMavenResourcesFiltering - skip non existing resourceDirectory C:\Users\tammi\Documents\microservices-deploy-kubernetes\currency-exchange-service\src\test\resources
2024-04-25 19:36:34,435 [Worker-112: Building] INFO  o.a.m.s.f.DefaultMavenResourcesFiltering - Copying 0 resource from src\main\resources to target\classes
2024-04-25 19:36:34,435 [Worker-112: Building] INFO  o.a.m.s.f.DefaultMavenResourcesFiltering - Copying 0 resource from src\main\resources to target\classes
2024-04-25 19:36:34,437 [Worker-112: Building] INFO  o.a.m.s.f.DefaultMavenResourcesFiltering - skip non existing resourceDirectory C:\Users\tammi\Documents\microservices-deploy-kubernetes\currency-exchange-service\src\test\resources
2024-04-25 19:36:53,660 [Worker-113: Building] INFO  o.a.m.s.f.DefaultMavenResourcesFiltering - Copying 0 resource from src\main\resources to target\classes
2024-04-25 19:36:53,660 [Worker-113: Building] INFO  o.a.m.s.f.DefaultMavenResourcesFiltering - Copying 0 resource from src\main\resources to target\classes
2024-04-25 19:36:53,660 [Worker-113: Building] INFO  o.a.m.s.f.DefaultMavenResourcesFiltering - skip non existing resourceDirectory C:\Users\tammi\Documents\microservices-deploy-kubernetes\currency-exchange-service\src\test\resources
2024-04-25 19:37:22,005 [Worker-114: Building] INFO  o.a.m.s.f.DefaultMavenResourcesFiltering - Copying 0 resource from src\main\resources to target\classes
2024-04-25 19:37:22,005 [Worker-114: Building] INFO  o.a.m.s.f.DefaultMavenResourcesFiltering - Copying 0 resource from src\main\resources to target\classes
2024-04-25 19:37:22,020 [Worker-114: Building] INFO  o.a.m.s.f.DefaultMavenResourcesFiltering - skip non existing resourceDirectory C:\Users\tammi\Documents\microservices-deploy-kubernetes\currency-exchange-service\src\test\resources
2024-04-25 19:38:45,612 [Worker-115: Building] INFO  o.a.m.s.f.DefaultMavenResourcesFiltering - Copying 0 resource from src\main\resources to target\classes
2024-04-25 19:38:45,613 [Worker-115: Building] INFO  o.a.m.s.f.DefaultMavenResourcesFiltering - Copying 0 resource from src\main\resources to target\classes
2024-04-25 19:38:45,618 [Worker-115: Building] INFO  o.a.m.s.f.DefaultMavenResourcesFiltering - skip non existing resourceDirectory C:\Users\tammi\Documents\microservices-deploy-kubernetes\currency-exchange-service\src\test\resources
